Flutter crash report; please file at https://github.com/flutter/flutter/issues.

## command

flutter build appbundle

## exception

ProcessException: ProcessException: Process "/home/mehdi/Bureau/exemple/myfirstapp/animal_sounds/android/gradlew" exited abnormally:
Downloading https://services.gradle.org/distributions/gradle-4.6


Exception in thread "main" java.io.FileNotFoundException: https://downloads.gradle-dn.com/distributions/gradle-4.6
	at sun.net.www.protocol.http.HttpURLConnection.getInputStream0(HttpURLConnection.java:1890)
	at sun.net.www.protocol.http.HttpURLConnection.getInputStream(HttpURLConnection.java:1492)
	at sun.net.www.protocol.https.HttpsURLConnectionImpl.getInputStream(HttpsURLConnectionImpl.java:263)
	at org.gradle.wrapper.Download.downloadInternal(Download.java:58)
	at org.gradle.wrapper.Download.download(Download.java:44)
	at org.gradle.wrapper.Install$1.call(Install.java:61)
	at org.gradle.wrapper.Install$1.call(Install.java:48)
	at org.gradle.wrapper.ExclusiveFileAccessManager.access(ExclusiveFileAccessManager.java:65)
	at org.gradle.wrapper.Install.createDist(Install.java:48)
	at org.gradle.wrapper.WrapperExecutor.execute(WrapperExecutor.java:128)
	at org.gradle.wrapper.GradleWrapperMain.main(GradleWrapperMain.java:61)
  Command: /home/mehdi/Bureau/exemple/myfirstapp/animal_sounds/android/gradlew -v

```
#0      runCheckedAsync (package:flutter_tools/src/base/process.dart:259:7)
<asynchronous suspension>
#1      _initializeGradle (package:flutter_tools/src/android/gradle.dart:300:9)
<asynchronous suspension>
#2      _ensureGradle (package:flutter_tools/src/android/gradle.dart:281:37)
<asynchronous suspension>
#3      buildGradleProject (package:flutter_tools/src/android/gradle.dart:484:31)
<asynchronous suspension>
#4      buildAppBundle (package:flutter_tools/src/android/app_bundle.dart:43:10)
<asynchronous suspension>
#5      BuildAppBundleCommand.runCommand (package:flutter_tools/src/commands/build_appbundle.dart:47:11)
<asynchronous suspension>
#6      FlutterCommand.verifyThenRunCommand (package:flutter_tools/src/runner/flutter_command.dart:490:18)
#7      _asyncThenWrapperHelper.<anonymous closure> (dart:async-patch/async_patch.dart:71:64)
#8      _rootRunUnary (dart:async/zone.dart:1132:38)
#9      _CustomZone.runUnary (dart:async/zone.dart:1029:19)
#10     _FutureListener.handleValue (dart:async/future_impl.dart:137:18)
#11     Future._propagateToListeners.handleValueCallback (dart:async/future_impl.dart:678:45)
#12     Future._propagateToListeners (dart:async/future_impl.dart:707:32)
#13     Future._completeWithValue (dart:async/future_impl.dart:522:5)
#14     Future._asyncComplete.<anonymous closure> (dart:async/future_impl.dart:552:7)
#15     _rootRun (dart:async/zone.dart:1124:13)
#16     _CustomZone.run (dart:async/zone.dart:1021:19)
#17     _CustomZone.runGuarded (dart:async/zone.dart:923:7)
#18     _CustomZone.bindCallbackGuarded.<anonymous closure> (dart:async/zone.dart:963:23)
#19     _microtaskLoop (dart:async/schedule_microtask.dart:41:21)
#20     _startMicrotaskLoop (dart:async/schedule_microtask.dart:50:5)
#21     _runPendingImmediateCallback (dart:isolate-patch/isolate_patch.dart:116:13)
#22     _RawReceivePortImpl._handleMessage (dart:isolate-patch/isolate_patch.dart:173:5)
```

## flutter doctor

```
[32m[✓][39m Flutter (Channel stable, v1.9.1+hotfix.2, on Linux, locale fr_FR.UTF-8)
    [32m•[39m Flutter version 1.9.1+hotfix.2 at /home/mehdi/Documents/flutterplugin/flutter
    [32m•[39m Framework revision 2d2a1ffec9 (il y a 7 jours), 2019-09-06 18:39:49 -0700
    [32m•[39m Engine revision b863200c37
    [32m•[39m Dart version 2.5.0

[32m[✓][39m Android toolchain - develop for Android devices (Android SDK version 28.0.3)
    [32m•[39m Android SDK at /home/mehdi/Android/Sdk
    [32m•[39m Android NDK location not configured (optional; useful for native profiling support)
    [32m•[39m Platform android-28, build-tools 28.0.3
    [32m•[39m Java binary at: /home/mehdi/Documents/android-studio-ide-173.4819257-linux/android-studio/jre/bin/java
    [32m•[39m Java version OpenJDK Runtime Environment (build 1.8.0_202-release-1483-b49-5587405)
    [32m•[39m All Android licenses accepted.

[32m[✓][39m Android Studio (version 3.5)
    [32m•[39m Android Studio at /home/mehdi/Documents/android-studio-ide-173.4819257-linux/android-studio
    [32m•[39m Flutter plugin version 39.0.3
    [32m•[39m Dart plugin version 191.8423
    [32m•[39m Java version OpenJDK Runtime Environment (build 1.8.0_202-release-1483-b49-5587405)

[33m[!][39m Connected device
    [33m![39m No devices available

[33m![39m Doctor found issues in 1 category.
```
